
> nodejs-custom-version@1.0.0 start /home/runner/Clube-do-Vinho-1
> node .

12:39
Hello from Node.js v16.6.1!
15 lOADED
Unexpected identifier
10 sls lOADED
Ping recebido às 12:39:23
Tocando Músicas ...
[DisTube] Updated youtube-dl to 2021.11.10.1!
Ping recebido às 12:39:30
Ping recebido às 12:39:32
Ping recebido às 12:39:35
Ping recebido às 12:39:37
Ping recebido às 12:39:39
Ping recebido às 12:39:42
Ping recebido às 12:39:44
Ping recebido às 12:39:45
Ping recebido às 12:39:47
Ping recebido às 12:39:50
Ping recebido às 12:39:51
Ping recebido às 12:39:53
Ping recebido às 12:39:55
Ping recebido às 12:39:58
Ping recebido às 12:39:59
Ping recebido às 12:40:1
Ping recebido às 12:40:3
Ping recebido às 12:40:5
Ping recebido às 12:40:7
Ping recebido às 12:40:8
Ping recebido às 12:40:10
Ping recebido às 12:40:12
Ping recebido às 12:40:14
Ping recebido às 12:40:16
Ping recebido às 12:40:19
Ping recebido às 12:40:22
Ping recebido às 12:40:24
Ping recebido às 12:40:25
Ping recebido às 12:40:27
Ping recebido às 12:40:29
Ping recebido às 12:40:31
Ping recebido às 12:40:32
Ping recebido às 12:40:34
Ping recebido às 12:40:36
Ping recebido às 12:40:38
Ping recebido às 12:40:39
Ping recebido às 12:40:41
Ping recebido às 12:40:43
Ping recebido às 12:40:45
Ping recebido às 12:40:47
Ping recebido às 12:40:50
Ping recebido às 12:40:52
Ping recebido às 12:40:56
Ping recebido às 12:40:58
Ping recebido às 12:40:59
Ping recebido às 12:41:0
Ping recebido às 12:41:3
Ping recebido às 12:41:5
Ping recebido às 12:41:9
Ping recebido às 12:41:12
Ping recebido às 12:41:15
Ping recebido às 12:41:18
Ping recebido às 12:41:18
Ping recebido às 12:41:23
Ping recebido às 12:41:27
Ping recebido às 12:41:29
Ping recebido às 12:41:32
Ping recebido às 12:41:34
Ping recebido às 12:41:37
Ping recebido às 12:41:39
Ping recebido às 12:41:41
Ping recebido às 12:41:43
Ping recebido às 12:41:45
Ping recebido às 12:41:48
Ping recebido às 12:41:51
Ping recebido às 12:41:53
Ping recebido às 12:41:56
Ping recebido às 12:41:58
Ping recebido às 12:41:59
Ping recebido às 12:42:5
Ping recebido às 12:42:7
Ping recebido às 12:42:59
Ping recebido às 12:43:2
Ping recebido às 12:43:59
Ping recebido às 12:44:59
Ping recebido às 12:46:0
Ping recebido às 12:46:18
Ping recebido às 12:47:0
Ping recebido às 12:47:59
Ping recebido às 12:48:59
Ping recebido às 12:49:59
Ping recebido às 12:51:0
Ping recebido às 12:51:18
Ping recebido às 12:51:59
Ping recebido às 12:52:59
Ping recebido às 12:53:58
Ping recebido às 12:54:59
Ping recebido às 12:55:58
Ping recebido às 12:56:18
Ping recebido às 12:56:59
Ping recebido às 12:57:59
Ping recebido às 12:58:59
Ping recebido às 13:0:59
Ping recebido às 13:1:18
Ping recebido às 13:1:59
Ping recebido às 13:3:0
Ping recebido às 13:3:59
Ping recebido às 13:4:59
Ping recebido às 13:5:59
Ping recebido às 13:6:18
Ping recebido às 13:6:59
Ping recebido às 13:8:0
Ping recebido às 13:8:58
Ping recebido às 13:9:59
Ping recebido às 13:10:59
Ping recebido às 13:11:18
Ping recebido às 13:11:59
Ping recebido às 13:12:59
Ping recebido às 13:13:48
Ping recebido às 13:13:51
Ping recebido às 13:13:59
Ping recebido às 13:14:8
Ping recebido às 13:14:11
Ping recebido às 13:14:12
Ping recebido às 13:14:15
Ping recebido às 13:14:18

> nodejs-custom-version@1.0.0 start /home/runner/Clube-do-Vinho-1
> node .

6:41
Hello from Node.js v16.6.1!
15 lOADED
Unexpected identifier
10 sls lOADED
Tocando Músicas ...
[DisTube] Updated youtube-dl to 2021.11.10.1!
Ping recebido às 6:43:43
Ping recebido às 6:48:43
Ping recebido às 6:53:43
Ping recebido às 6:58:43
Ping recebido às 7:3:43
Ping recebido às 7:8:43
Ping recebido às 7:13:43
Ping recebido às 7:18:43
Ping recebido às 7:23:43
Ping recebido às 7:28:43
Ping recebido às 7:33:43
Ping recebido às 7:38:43
Ping recebido às 7:43:43
Ping recebido às 7:48:43
Ping recebido às 7:53:43
Ping recebido às 7:58:43
Ping recebido às 8:3:43
Ping recebido às 8:8:43
Ping recebido às 8:13:43
Ping recebido às 8:18:43
Ping recebido às 8:20:33
Ping recebido às 8:20:35
Ping recebido às 8:20:41
Ping recebido às 8:20:44
Ping recebido às 8:20:46
Ping recebido às 8:20:47
Ping recebido às 8:20:49
Ping recebido às 8:20:51
Ping recebido às 8:20:52
Ping recebido às 8:20:54
Ping recebido às 8:20:56
Ping recebido às 8:20:58
Ping recebido às 8:21:0
Ping recebido às 8:21:2
Ping recebido às 8:21:4
Ping recebido às 8:21:6
Ping recebido às 8:21:8
Ping recebido às 8:21:10
Ping recebido às 8:21:12
Ping recebido às 8:21:14
Ping recebido às 8:21:15
Ping recebido às 8:21:17
Ping recebido às 8:21:19
Ping recebido às 8:21:20
Ping recebido às 8:21:22
Ping recebido às 8:21:24
Ping recebido às 8:21:26
Ping recebido às 8:21:28
Ping recebido às 8:21:31
Ping recebido às 8:21:33
Ping recebido às 8:21:35
Ping recebido às 8:21:37
Ping recebido às 8:21:38
Ping recebido às 8:21:40
Ping recebido às 8:21:42
Ping recebido às 8:21:44
Ping recebido às 8:21:46
Ping recebido às 8:21:48
Ping recebido às 8:21:50
Ping recebido às 8:21:52
Ping recebido às 8:21:54
Ping recebido às 8:21:56
Ping recebido às 8:21:58
Ping recebido às 8:21:59
Ping recebido às 8:22:1
Ping recebido às 8:22:3
Ping recebido às 8:22:4
Ping recebido às 8:22:6
Ping recebido às 8:22:8

> nodejs-custom-version@1.0.0 start /home/runner/Clube-do-Vinho-1
> node .

14:53
Hello from Node.js v16.6.1!
15 lOADED
Unexpected identifier
10 sls lOADED
Tocando Músicas ...
[DisTube] Updated youtube-dl to 2021.12.01!
Comando index.js
Comando index.js
Comando index.js

> nodejs-custom-version@1.0.0 start /home/runner/Clube-do-Vinho-1
> node .

3:25
Hello from Node.js v16.6.1!
15 lOADED
Unexpected identifier
10 sls lOADED
Tocando Músicas ...
[DisTube] Updated youtube-dl to 2021.12.01!
